Determining if the pthread_create exist failed with the following output:
Change Dir: /home/jake/ros_ws/cloud_to_map/CMakeFiles/CMakeTmp

Run Build Command:/usr/bin/make "cmTryCompileExec2921035720/fast"
/usr/bin/make -f CMakeFiles/cmTryCompileExec2921035720.dir/build.make CMakeFiles/cmTryCompileExec2921035720.dir/build
make[1]: Entering directory `/home/jake/ros_ws/cloud_to_map/CMakeFiles/CMakeTmp'
/usr/bin/cmake -E cmake_progress_report /home/jake/ros_ws/cloud_to_map/CMakeFiles/CMakeTmp/CMakeFiles 1
Building C object CMakeFiles/cmTryCompileExec2921035720.dir/CheckSymbolExists.c.o
/usr/bin/cc    -o CMakeFiles/cmTryCompileExec2921035720.dir/CheckSymbolExists.c.o   -c /home/jake/ros_ws/cloud_to_map/CMakeFiles/CMakeTmp/CheckSymbolExists.c
Linking C executable cmTryCompileExec2921035720
/usr/bin/cmake -E cmake_link_script CMakeFiles/cmTryCompileExec2921035720.dir/link.txt --verbose=1
/usr/bin/cc       CMakeFiles/cmTryCompileExec2921035720.dir/CheckSymbolExists.c.o  -o cmTryCompileExec2921035720 -rdynamic 
CMakeFiles/cmTryCompileExec2921035720.dir/CheckSymbolExists.c.o: In function `main':
CheckSymbolExists.c:(.text+0x16): undefined reference to `pthread_create'
collect2: error: ld returned 1 exit status
make[1]: *** [cmTryCompileExec2921035720] Error 1
make[1]: Leaving directory `/home/jake/ros_ws/cloud_to_map/CMakeFiles/CMakeTmp'
make: *** [cmTryCompileExec2921035720/fast] Error 2

File /home/jake/ros_ws/cloud_to_map/CMakeFiles/CMakeTmp/CheckSymbolExists.c:
/* */
#include <pthread.h>

int main(int argc, char** argv)
{
  (void)argv;
#ifndef pthread_create
  return ((int*)(&pthread_create))[argc];
#else
  (void)argc;
  return 0;
#endif
}

Determining if the function pthread_create exists in the pthreads failed with the following output:
Change Dir: /home/jake/ros_ws/cloud_to_map/CMakeFiles/CMakeTmp

Run Build Command:/usr/bin/make "cmTryCompileExec468784448/fast"
/usr/bin/make -f CMakeFiles/cmTryCompileExec468784448.dir/build.make CMakeFiles/cmTryCompileExec468784448.dir/build
make[1]: Entering directory `/home/jake/ros_ws/cloud_to_map/CMakeFiles/CMakeTmp'
/usr/bin/cmake -E cmake_progress_report /home/jake/ros_ws/cloud_to_map/CMakeFiles/CMakeTmp/CMakeFiles 1
Building C object CMakeFiles/cmTryCompileExec468784448.dir/CheckFunctionExists.c.o
/usr/bin/cc   -DCHECK_FUNCTION_EXISTS=pthread_create   -o CMakeFiles/cmTryCompileExec468784448.dir/CheckFunctionExists.c.o   -c /usr/share/cmake-2.8/Modules/CheckFunctionExists.c
Linking C executable cmTryCompileExec468784448
/usr/bin/cmake -E cmake_link_script CMakeFiles/cmTryCompileExec468784448.dir/link.txt --verbose=1
/usr/bin/cc   -DCHECK_FUNCTION_EXISTS=pthread_create    CMakeFiles/cmTryCompileExec468784448.dir/CheckFunctionExists.c.o  -o cmTryCompileExec468784448 -rdynamic -lpthreads 
/usr/bin/ld: cannot find -lpthreads
collect2: error: ld returned 1 exit status
make[1]: *** [cmTryCompileExec468784448] Error 1
make[1]: Leaving directory `/home/jake/ros_ws/cloud_to_map/CMakeFiles/CMakeTmp'
make: *** [cmTryCompileExec468784448/fast] Error 2


