Determining if the pthread_create exist failed with the following output:
Change Dir: /home/ros/ros_ws/cloud_to_map/build/CMakeFiles/CMakeTmp

Run Build Command:/usr/bin/make "cmTryCompileExec286068825/fast"
make[1]: Entering directory `/home/ros/ros_ws/cloud_to_map/build/CMakeFiles/CMakeTmp'
/usr/bin/make -f CMakeFiles/cmTryCompileExec286068825.dir/build.make CMakeFiles/cmTryCompileExec286068825.dir/build
make[2]: Entering directory `/home/ros/ros_ws/cloud_to_map/build/CMakeFiles/CMakeTmp'
/usr/bin/cmake -E cmake_progress_report /home/ros/ros_ws/cloud_to_map/build/CMakeFiles/CMakeTmp/CMakeFiles 1
Building C object CMakeFiles/cmTryCompileExec286068825.dir/CheckSymbolExists.c.o
/usr/bin/cc    -o CMakeFiles/cmTryCompileExec286068825.dir/CheckSymbolExists.c.o   -c /home/ros/ros_ws/cloud_to_map/build/CMakeFiles/CMakeTmp/CheckSymbolExists.c
Linking C executable cmTryCompileExec286068825
/usr/bin/cmake -E cmake_link_script CMakeFiles/cmTryCompileExec286068825.dir/link.txt --verbose=1
/usr/bin/cc       CMakeFiles/cmTryCompileExec286068825.dir/CheckSymbolExists.c.o  -o cmTryCompileExec286068825 -rdynamic 
CMakeFiles/cmTryCompileExec286068825.dir/CheckSymbolExists.c.o: In function `main':
CheckSymbolExists.c:(.text+0x16): undefined reference to `pthread_create'
collect2: error: ld returned 1 exit status
make[2]: *** [cmTryCompileExec286068825] Error 1
make[2]: Leaving directory `/home/ros/ros_ws/cloud_to_map/build/CMakeFiles/CMakeTmp'
make[1]: *** [cmTryCompileExec286068825/fast] Error 2
make[1]: Leaving directory `/home/ros/ros_ws/cloud_to_map/build/CMakeFiles/CMakeTmp'

File /home/ros/ros_ws/cloud_to_map/build/CMakeFiles/CMakeTmp/CheckSymbolExists.c:
/* */
#include <pthread.h>

int main(int argc, char** argv)
{
  (void)argv;
#ifndef pthread_create
  return ((int*)(&pthread_create))[argc];
#else
  (void)argc;
  return 0;
#endif
}

Determining if the function pthread_create exists in the pthreads failed with the following output:
Change Dir: /home/ros/ros_ws/cloud_to_map/build/CMakeFiles/CMakeTmp

Run Build Command:/usr/bin/make "cmTryCompileExec3448427412/fast"
make[1]: Entering directory `/home/ros/ros_ws/cloud_to_map/build/CMakeFiles/CMakeTmp'
/usr/bin/make -f CMakeFiles/cmTryCompileExec3448427412.dir/build.make CMakeFiles/cmTryCompileExec3448427412.dir/build
make[2]: Entering directory `/home/ros/ros_ws/cloud_to_map/build/CMakeFiles/CMakeTmp'
/usr/bin/cmake -E cmake_progress_report /home/ros/ros_ws/cloud_to_map/build/CMakeFiles/CMakeTmp/CMakeFiles 1
Building C object CMakeFiles/cmTryCompileExec3448427412.dir/CheckFunctionExists.c.o
/usr/bin/cc   -DCHECK_FUNCTION_EXISTS=pthread_create   -o CMakeFiles/cmTryCompileExec3448427412.dir/CheckFunctionExists.c.o   -c /usr/share/cmake-2.8/Modules/CheckFunctionExists.c
Linking C executable cmTryCompileExec3448427412
/usr/bin/cmake -E cmake_link_script CMakeFiles/cmTryCompileExec3448427412.dir/link.txt --verbose=1
/usr/bin/cc   -DCHECK_FUNCTION_EXISTS=pthread_create    CMakeFiles/cmTryCompileExec3448427412.dir/CheckFunctionExists.c.o  -o cmTryCompileExec3448427412 -rdynamic -lpthreads 
/usr/bin/ld: cannot find -lpthreads
collect2: error: ld returned 1 exit status
make[2]: *** [cmTryCompileExec3448427412] Error 1
make[2]: Leaving directory `/home/ros/ros_ws/cloud_to_map/build/CMakeFiles/CMakeTmp'
make[1]: *** [cmTryCompileExec3448427412/fast] Error 2
make[1]: Leaving directory `/home/ros/ros_ws/cloud_to_map/build/CMakeFiles/CMakeTmp'


